<?xml version="1.0" encoding="UTF-8"?>
<!-- Generated by org.testng.reporters.JUnitReportReporter -->
<testsuite hostname="PreacherTux" failures="0" tests="1" name="org.sonar.samples.java.checks.LineLessThan120Test" time="0.611" errors="0" timestamp="2020-12-12T16:34:26 EET" skipped="0">
  <testcase classname="org.sonar.samples.java.checks.LineLessThan120Test" name="test" time="0.611"/>
  <system-out/>
</testsuite> <!-- org.sonar.samples.java.checks.LineLessThan120Test -->
